  Main.cpp
Z:\课业\大三下\无聊练手的东西\臭狗转转转\E10S\E10S\Rect.h(8,12): warning C4244: “=”: 从“float”转换到“int”，可能丢失数据
Z:\课业\大三下\无聊练手的东西\臭狗转转转\E10S\E10S\Rect.h(9,12): warning C4244: “=”: 从“float”转换到“int”，可能丢失数据
Z:\课业\大三下\无聊练手的东西\臭狗转转转\E10S\E10S\Rect.h(12,12): warning C4244: “=”: 从“float”转换到“int”，可能丢失数据
Z:\课业\大三下\无聊练手的东西\臭狗转转转\E10S\E10S\Rect.h(13,12): warning C4244: “=”: 从“float”转换到“int”，可能丢失数据
Z:\课业\大三下\无聊练手的东西\臭狗转转转\E10S\E10S\Rect.h(16,12): warning C4244: “=”: 从“float”转换到“int”，可能丢失数据
Z:\课业\大三下\无聊练手的东西\臭狗转转转\E10S\E10S\Rect.h(17,12): warning C4244: “=”: 从“float”转换到“int”，可能丢失数据
Z:\课业\大三下\无聊练手的东西\臭狗转转转\E10S\E10S\Rect.h(20,12): warning C4244: “=”: 从“float”转换到“int”，可能丢失数据
Z:\课业\大三下\无聊练手的东西\臭狗转转转\E10S\E10S\Rect.h(21,12): warning C4244: “=”: 从“float”转换到“int”，可能丢失数据
Z:\课业\大三下\无聊练手的东西\臭狗转转转\E10S\E10S\Main.cpp(47,9): warning C4244: “参数”: 从“time_t”转换到“unsigned int”，可能丢失数据
Z:\课业\大三下\无聊练手的东西\臭狗转转转\E10S\E10S\Main.cpp(97,74): warning C4305: “初始化”: 从“double”到“float”截断
Z:\课业\大三下\无聊练手的东西\臭狗转转转\E10S\E10S\Main.cpp(98,75): warning C4305: “初始化”: 从“double”到“float”截断
Z:\课业\大三下\无聊练手的东西\臭狗转转转\E10S\E10S\Main.cpp(99,75): warning C4305: “初始化”: 从“double”到“float”截断
Z:\课业\大三下\无聊练手的东西\臭狗转转转\E10S\E10S\Main.cpp(100,74): warning C4305: “初始化”: 从“double”到“float”截断
  正在生成代码
  4 of 151 functions ( 2.6%) were compiled, the rest were copied from previous compilation.
    3 functions were new in current compilation
    1 functions had inline decision re-evaluated but remain unchanged
  已完成代码的生成
  E10S.vcxproj -> Z:\课业\大三下\无聊练手的东西\臭狗转转转\E10S\Release\E10S.exe
