z:\课业\大三下\无聊练手的东西\臭狗转转转\e10s\e10s\debug\vc142.pdb
z:\课业\大三下\无聊练手的东西\臭狗转转转\e10s\e10s\debug\vc142.idb
z:\课业\大三下\无聊练手的东西\臭狗转转转\e10s\e10s\debug\main.obj
z:\课业\大三下\无聊练手的东西\臭狗转转转\e10s\e10s\debug\base.obj
z:\课业\大三下\无聊练手的东西\臭狗转转转\e10s\debug\e10s.pdb
z:\课业\大三下\无聊练手的东西\臭狗转转转\e10s\e10s\debug\e10s.tlog\cl.command.1.tlog
z:\课业\大三下\无聊练手的东西\臭狗转转转\e10s\e10s\debug\e10s.tlog\cl.read.1.tlog
z:\课业\大三下\无聊练手的东西\臭狗转转转\e10s\e10s\debug\e10s.tlog\cl.write.1.tlog
z:\课业\大三下\无聊练手的东西\臭狗转转转\e10s\e10s\debug\e10s.tlog\link-cvtres.read.1.tlog
z:\课业\大三下\无聊练手的东西\臭狗转转转\e10s\e10s\debug\e10s.tlog\link-cvtres.write.1.tlog
z:\课业\大三下\无聊练手的东西\臭狗转转转\e10s\e10s\debug\e10s.tlog\link-rc.read.1.tlog
z:\课业\大三下\无聊练手的东西\臭狗转转转\e10s\e10s\debug\e10s.tlog\link-rc.write.1.tlog
z:\课业\大三下\无聊练手的东西\臭狗转转转\e10s\e10s\debug\e10s.tlog\link.6168-cvtres.read.1.tlog
z:\课业\大三下\无聊练手的东西\臭狗转转转\e10s\e10s\debug\e10s.tlog\link.6168-cvtres.write.1.tlog
z:\课业\大三下\无聊练手的东西\臭狗转转转\e10s\e10s\debug\e10s.tlog\link.6168-rc.read.1.tlog
z:\课业\大三下\无聊练手的东西\臭狗转转转\e10s\e10s\debug\e10s.tlog\link.6168-rc.write.1.tlog
z:\课业\大三下\无聊练手的东西\臭狗转转转\e10s\e10s\debug\e10s.tlog\link.6168.read.1.tlog
z:\课业\大三下\无聊练手的东西\臭狗转转转\e10s\e10s\debug\e10s.tlog\link.6168.write.1.tlog
z:\课业\大三下\无聊练手的东西\臭狗转转转\e10s\e10s\debug\e10s.tlog\link.command.1.tlog
z:\课业\大三下\无聊练手的东西\臭狗转转转\e10s\e10s\debug\e10s.tlog\link.read.1.tlog
z:\课业\大三下\无聊练手的东西\臭狗转转转\e10s\e10s\debug\e10s.tlog\link.write.1.tlog
